<?xml version="1.0" encoding="UTF-8"?>
<!-- Generated by org.testng.reporters.JUnitXMLReporter -->
<testsuite ignored="0" hostname="BRIAPWLpLl4e149" failures="0" tests="2" name="Default test" time="50.255" errors="0" timestamp="2024-04-22T10:39:16 IST">
  <testcase classname="testcases.CreateAccountPageTest" name="CreateAccount" time="21.299"/>
  <testcase classname="testcases.CreateAccountPageTest" name="validateMandatoryFieldsOnCreateAccountPage" time="18.819"/>
</testsuite> <!-- Default test -->
