<?xml version="1.0" encoding="UTF-8"?>
<!-- Generated by org.testng.reporters.JUnitXMLReporter -->
<testsuite ignored="0" hostname="BRIAPWLpLl4e149" failures="1" tests="3" name="Test" time="120.666" errors="0" timestamp="2024-04-30T12:43:18 IST">
  <testcase classname="testcases.CreateAccountPageTest" name="CreateAccount" time="27.334"/>
  <testcase classname="testcases.CreateAccountPageTest" name="validateMandatoryFieldsOnCreateAccountPage" time="13.865"/>
  <testcase classname="testcases.OrderPlacement" name="endToEnd" time="69.378">
    <failure type="java.lang.AssertionError" message="Shipping information does not match the expected value. expected [VSNHF TVWGILF 3 MUB Skopje, 1000 North Macedonia +38977334455] but found []">
      <![CDATA[java.lang.AssertionError: Shipping information does not match the expected value. expected [VSNHF TVWGILF 3 MUB Skopje, 1000 North Macedonia +38977334455] but found []
at testcases.OrderPlacement.endToEnd(OrderPlacement.java:124)
at java.base/java.util.ArrayList.forEach(ArrayList.java:1596)
... Removed 30 stack frames]]>
    </failure>
  </testcase> <!-- endToEnd -->
</testsuite> <!-- Test -->
